<?xml version="1.0" encoding="UTF-8"?>
<!-- Generated by org.testng.reporters.JUnitReportReporter -->
<testsuite hostname="dstekanov-nb" name="com.example.tests.GroupRemovalTests" tests="1" failures="0" timestamp="13 Nov 2014 19:16:05 GMT" time="9.844" errors="0">
  <testcase name="testFirstGroupCanBeRemoved" time="9.844" classname="com.example.tests.GroupRemovalTests"/>
</testsuite> <!-- com.example.tests.GroupRemovalTests -->
