<?xml version="1.0" encoding="UTF-8"?>
<!-- Generated by org.testng.reporters.JUnitReportReporter -->
<testsuite hostname="dstekanov-nb" name="com.example.tests.ContactCreationTests" tests="1" failures="0" timestamp="6 Nov 2014 18:55:31 GMT" time="9.754" errors="0">
  <testcase name="testNewAddressBookCanBeCreated" time="9.754" classname="com.example.tests.ContactCreationTests"/>
</testsuite> <!-- com.example.tests.ContactCreationTests -->
